[00:00:00] [Server thread/INFO]: Unknown or incomplete command, see below for error
spawn .Jethexis<--[HERE]
[00:00:00] [Server thread/INFO]: [RedProtect] Player .Jethexis damaged by VOID - Running command:
 - Command: spawn .Jethexis
[00:00:00] [Server thread/INFO]: Unknown or incomplete command, see below for error
spawn .Jethexis<--[HERE]
[00:00:00] [Server thread/INFO]: [RedProtect] Player .Jethexis damaged by VOID - Running command:
 - Command: spawn .Jethexis
[00:00:00] [Server thread/INFO]: .Jethexis fell out of the world
[00:00:15] [Server thread/INFO]: .Jethexis has made the advancement [Incendium]
[00:00:16] [Server thread/INFO]: Unknown or incomplete command, see below for error
spawn .Monoty2944<--[HERE]
[00:00:16] [Server thread/INFO]: [RedProtect] Player .Monoty2944 damaged by VOID - Running command:
 - Command: spawn .Monoty2944
[00:00:16] [Server thread/INFO]: Unknown or incomplete command, see below for error
spawn .Monoty2944<--[HERE]
[00:00:16] [Server thread/INFO]: [RedProtect] Player .Monoty2944 damaged by VOID - Running command:
 - Command: spawn .Monoty2944
[00:00:16] [Server thread/INFO]: .Jethexis has made the advancement [Strange Biomes]
[00:00:16] [Server thread/INFO]: .Jethexis has made the advancement [The Dust Settles]
[00:00:17] [Server thread/INFO]: Unknown or incomplete command, see below for error
spawn .Monoty2944<--[HERE]
[00:00:17] [Server thread/INFO]: [RedProtect] Player .Monoty2944 damaged by VOID - Running command:
 - Command: spawn .Monoty2944
[00:00:17] [Server thread/INFO]: Unknown or incomplete command, see below for error
spawn .Monoty2944<--[HERE]
[00:00:17] [Server thread/INFO]: [RedProtect] Player .Monoty2944 damaged by VOID - Running command:
 - Command: spawn .Monoty2944
[00:00:18] [Server thread/INFO]: Unknown or incomplete command, see below for error
spawn .Monoty2944<--[HERE]
[00:00:18] [Server thread/INFO]: [RedProtect] Player .Monoty2944 damaged by VOID - Running command:
 - Command: spawn .Monoty2944
[00:00:18] [Server thread/INFO]: Unknown or incomplete command, see below for error
spawn .Monoty2944<--[HERE]
[00:00:18] [Server thread/INFO]: [RedProtect] Player .Monoty2944 damaged by VOID - Running command:
 - Command: spawn .Monoty2944
[00:00:18] [Server thread/INFO]: .Monoty2944 fell out of the world
[00:00:30] [Server thread/INFO]: .OsagiGX has made the advancement [Monster Hunter]
[00:01:08] [Server thread/INFO]: Solarmc24 has made the advancement [It's Rude to Stare!]
[00:01:18] [Server thread/INFO]: .SumaMT was slain by Zombie
[00:01:27] [Server thread/INFO]: .Monoty2944 was slain by Zombie
[00:01:35] [Server thread/INFO]: .OsagiGX has made the advancement [Isn't It Iron Pick]
[00:01:43] [Server thread/INFO]: Unknown or incomplete command, see below for error
spawn .SumaMT<--[HERE]
[00:01:43] [Server thread/INFO]: [RedProtect] Player .SumaMT damaged by VOID - Running command:
 - Command: spawn .SumaMT
[00:01:43] [Server thread/INFO]: Unknown or incomplete command, see below for error
spawn .SumaMT<--[HERE]
[00:01:43] [Server thread/INFO]: [RedProtect] Player .SumaMT damaged by VOID - Running command:
 - Command: spawn .SumaMT
[00:01:44] [Server thread/INFO]: Unknown or incomplete command, see below for error
spawn .SumaMT<--[HERE]
[00:01:44] [Server thread/INFO]: [RedProtect] Player .SumaMT damaged by VOID - Running command:
 - Command: spawn .SumaMT
[00:01:44] [Server thread/INFO]: Unknown or incomplete command, see below for error
spawn .SumaMT<--[HERE]
[00:01:44] [Server thread/INFO]: [RedProtect] Player .SumaMT damaged by VOID - Running command:
 - Command: spawn .SumaMT
[00:01:44] [Server thread/INFO]: .SumaMT fell out of the world
[00:01:46] [Server thread/INFO]: .Jethexis discovered the floor was lava
[00:01:55] [Server thread/INFO]: .Jethexis issued server command: /back
[00:02:04] [Server thread/INFO]: Unknown or incomplete command, see below for error
spawn joel_pro<--[HERE]
[00:02:04] [Server thread/INFO]: [RedProtect] Player joel_pro damaged by VOID - Running command:
 - Command: spawn joel_pro
[00:02:04] [Server thread/INFO]: Unknown or incomplete command, see below for error
spawn joel_pro<--[HERE]
[00:02:04] [Server thread/INFO]: [RedProtect] Player joel_pro damaged by VOID - Running command:
 - Command: spawn joel_pro
[00:02:04] [Server thread/INFO]: joel_pro fell out of the world
[00:02:16] [Async Chat Thread - #26/INFO]: [Not Secure] <.Sgames81554> quien trajo un ghast
[00:02:42] [Server thread/INFO]: .OsagiGX has made the advancement [It's Rude to Stare!]
[00:02:48] [Server thread/INFO]: .Jethexis has reached the goal [Pocket Edition Alpha]
[00:03:19] [Server thread/INFO]: .Jethexis tried to swim in lava
[00:03:26] [Server thread/INFO]: .Jethexis issued server command: /back
[00:03:27] [Server thread/INFO]: Unknown or incomplete command, see below for error
spawn .Monoty2944<--[HERE]
[00:03:27] [Server thread/INFO]: [RedProtect] Player .Monoty2944 damaged by VOID - Running command:
 - Command: spawn .Monoty2944
[00:03:27] [Server thread/INFO]: Unknown or incomplete command, see below for error
spawn .Monoty2944<--[HERE]
[00:03:27] [Server thread/INFO]: [RedProtect] Player .Monoty2944 damaged by VOID - Running command:
 - Command: spawn .Monoty2944
[00:03:28] [Server thread/INFO]: Unknown or incomplete command, see below for error
spawn .Monoty2944<--[HERE]
[00:03:28] [Server thread/INFO]: [RedProtect] Player .Monoty2944 damaged by VOID - Running command:
 - Command: spawn .Monoty2944
[00:03:28] [Server thread/INFO]: Unknown or incomplete command, see below for error
spawn .Monoty2944<--[HERE]
[00:03:28] [Server thread/INFO]: [RedProtect] Player .Monoty2944 damaged by VOID - Running command:
 - Command: spawn .Monoty2944
[00:03:29] [Server thread/INFO]: Unknown or incomplete command, see below for error
spawn .Monoty2944<--[HERE]
[00:03:29] [Server thread/INFO]: [RedProtect] Player .Monoty2944 damaged by VOID - Running command:
 - Command: spawn .Monoty2944
[00:03:29] [Server thread/INFO]: Unknown or incomplete command, see below for error
spawn .Monoty2944<--[HERE]
[00:03:29] [Server thread/INFO]: [RedProtect] Player .Monoty2944 damaged by VOID - Running command:
 - Command: spawn .Monoty2944
[00:03:29] [Server thread/INFO]: .Monoty2944 fell out of the world
[00:03:34] [Server thread/INFO]: .SumaMT was shot by Skeleton
[00:03:52] [Server thread/INFO]: .Jethexis was slain by Magma Cube
[00:03:59] [Server thread/INFO]: .Jethexis issued server command: /back
[00:04:11] [Server thread/INFO]: .Jethexis tried to swim in lava to escape Magma Cube
[00:04:18] [Server thread/INFO]: .SumaMT was blown up by Creeper
[00:04:23] [Server thread/INFO]: .Jethexis issued server command: /back
[00:04:29] [Server thread/INFO]: .Monoty2944 has made the advancement [Sneak 100]
[00:04:30] [Server thread/WARN]: .OsagiGX moved wrongly!
[00:04:30] [Server thread/INFO]: Unknown or incomplete command, see below for error
spawn .Sgames81554<--[HERE]
[00:04:30] [Server thread/INFO]: [RedProtect] Player .Sgames81554 damaged by VOID - Running command:
 - Command: spawn .Sgames81554
[00:04:30] [Server thread/INFO]: .Sgames81554 fell out of the world
[00:04:33] [Server thread/INFO]: Solarmc24 lost connection: Disconnected
[00:04:33] [Server thread/INFO]: Solarmc24 left the game
[00:04:43] [Server thread/INFO]: .Jethexis burned to death
[00:04:50] [Server thread/INFO]: .Monoty2944 has made the advancement [Monster Hunter]
[00:04:50] [Server thread/INFO]: .Jethexis issued server command: /back
[00:04:53] [Server thread/INFO]: joel_pro was slain by Zombie
[00:05:08] [Server thread/INFO]: joel_pro lost connection: Disconnected
[00:05:08] [Server thread/INFO]: joel_pro left the game
[00:05:34] [Server thread/INFO]: .Jethexis was blown up by Ghast Sentry
[00:05:43] [Server thread/INFO]: .Jethexis issued server command: /back
[00:05:52] [Server thread/INFO]: .Jethexis was blown up by Ghast Sentry
[00:06:00] [Server thread/INFO]: .Jethexis issued server command: /baci
[00:06:04] [Server thread/INFO]: .Jethexis issued server command: /back
[00:06:05] [Server thread/INFO]: .Monoty2944 fell from a high place
[00:06:11] [Server thread/INFO]: .Jethexis was blown up by Ghast Sentry
[00:06:20] [Server thread/INFO]: .Jethexis issued server command: /back
[00:06:22] [Server thread/INFO]: Unknown or incomplete command, see below for error
spawn .SumaMT<--[HERE]
[00:06:22] [Server thread/INFO]: [RedProtect] Player .SumaMT damaged by VOID - Running command:
 - Command: spawn .SumaMT
[00:06:22] [Server thread/INFO]: Unknown or incomplete command, see below for error
spawn .SumaMT<--[HERE]
[00:06:22] [Server thread/INFO]: [RedProtect] Player .SumaMT damaged by VOID - Running command:
 - Command: spawn .SumaMT
[00:06:23] [Server thread/INFO]: Unknown or incomplete command, see below for error
spawn .SumaMT<--[HERE]
[00:06:23] [Server thread/INFO]: [RedProtect] Player .SumaMT damaged by VOID - Running command:
 - Command: spawn .SumaMT
[00:06:23] [Server thread/INFO]: Unknown or incomplete command, see below for error
spawn .SumaMT<--[HERE]
[00:06:23] [Server thread/INFO]: [RedProtect] Player .SumaMT damaged by VOID - Running command:
 - Command: spawn .SumaMT
[00:06:23] [Server thread/INFO]: .SumaMT fell out of the world
[00:06:27] [Server thread/INFO]: .Jethexis was blown up by Ghast Sentry
[00:06:34] [Server thread/INFO]: .Jethexis issued server command: /back
[00:06:42] [Server thread/INFO]: .Jethexis was blown up by Ghast Sentry
[00:06:43] [Server thread/INFO]: .Monoty2944 was blown up by Creeper
[00:06:47] [Server thread/INFO]: .Jethexis issued server command: /back
[00:06:55] [Server thread/INFO]: .Jethexis was slain by Magma Cube
[00:07:16] [Async Chat Thread - #28/INFO]: [Not Secure] <.Jethexis> ustedes no han lutiado nada del nether
[00:07:20] [Server thread/INFO]: .Jethexis issued server command: /back
[00:07:31] [Async Chat Thread - #28/INFO]: [Not Secure] <.Sgames81554> donde consigo hierro XDxdXDX
[00:07:44] [Async Chat Thread - #28/INFO]: [Not Secure] <.Sicraft6095> En los aldeanos
[00:08:16] [epollEventLoopGroup-4-3/INFO]: [Geyser-Spigot] Player connected with username Eduardo12zt
[00:08:16] [localSession-7-3/INFO]: [Geyser-Spigot] Eduardo12zt (logged in as: Eduardo12zt) has connected to the Java server
[00:08:16] [Server thread/INFO]: [floodgate] Floodgate player logged in as .Eduardo12zt joined (UUID: 00000000-0000-0000-0009-01f872152def)
[00:08:16] [Server thread/INFO]: .Eduardo12zt joined the game
[00:08:16] [Server thread/INFO]: .Eduardo12zt[/127.0.0.1:0] logged in with entity id 8797 at ([world]-1.0, 4.0, -44.0)
[00:08:26] [Server thread/INFO]: Named entity Ghast['Ghast Sentry'/36, uuid='992ce422-01e9-4cbd-9609-d2698045d90b', l='ServerLevel[world_nether]', x=-37.00, y=46.41, z=42.59, cpos=[-3, 2], tl=23219, v=true] died: Ghast Sentry was slain by .Jethexis
[00:08:33] [epollEventLoopGroup-4-2/INFO]: [Geyser-Spigot] Sgames81554 has disconnected from the Java server because of Bedrock client timed out
[00:08:33] [Geyser Spigot connection thread-6-3/INFO]: [floodgate] Floodgate player logged in as .Sgames81554 disconnected
[00:08:33] [Server thread/INFO]: .Sgames81554 lost connection: Disconnected
[00:08:33] [Server thread/INFO]: .Sgames81554 left the game
[00:08:36] [Server thread/WARN]: .Eduardo12zt moved too quickly! 9.215149,7.0,153.29038
[00:08:36] [Server thread/WARN]: .Eduardo12zt moved too quickly! 9.215149,7.0,153.29038
[00:08:36] [Server thread/WARN]: .Eduardo12zt moved too quickly! 9.215149,7.0,153.29038
[00:08:36] [Server thread/WARN]: .Eduardo12zt moved too quickly! 9.215149,7.0,153.29038
[00:08:36] [Server thread/WARN]: .Eduardo12zt moved too quickly! 9.215149,7.0,153.29038
[00:08:36] [Server thread/WARN]: .Eduardo12zt moved too quickly! 9.215149,7.0,153.29038
[00:08:36] [Server thread/WARN]: .Eduardo12zt moved too quickly! 9.215149,7.0,153.29038
[00:08:36] [Server thread/WARN]: .Eduardo12zt moved too quickly! 9.215149,7.0,153.29038
[00:08:36] [Server thread/WARN]: .Eduardo12zt moved too quickly! 9.215149,7.0,153.29038
[00:08:36] [Server thread/WARN]: .Eduardo12zt moved too quickly! 9.215149,7.0,153.29038
[00:08:36] [Server thread/WARN]: .Eduardo12zt moved too quickly! 9.215149,7.0,153.29038
[00:08:36] [Server thread/WARN]: .Eduardo12zt moved too quickly! 9.215149,7.0,153.29038
[00:08:36] [Server thread/WARN]: .Eduardo12zt moved too quickly! 9.215149,7.0,153.29038
[00:08:36] [Server thread/WARN]: .Eduardo12zt moved too quickly! 9.215149,7.0,153.29038
[00:08:36] [Server thread/WARN]: .Eduardo12zt moved too quickly! 9.215149,7.0,153.29038
[00:08:36] [Server thread/WARN]: .Eduardo12zt moved too quickly! 9.215149,7.0,153.29038
[00:08:36] [Server thread/WARN]: .Eduardo12zt moved too quickly! 9.215149,7.0,153.29038
[00:08:36] [Server thread/WARN]: .Eduardo12zt moved too quickly! 9.215149,7.0,153.29038
[00:08:36] [Server thread/WARN]: .Eduardo12zt moved too quickly! 9.215149,7.0,153.29038
[00:08:36] [Server thread/WARN]: .Eduardo12zt moved too quickly! 9.215149,7.0,153.29038
[00:08:36] [Server thread/WARN]: .Eduardo12zt moved too quickly! 9.215149,7.0,153.29038
[00:08:36] [Server thread/WARN]: .Eduardo12zt moved too quickly! 9.215149,7.0,153.29038
[00:08:36] [Server thread/WARN]: .Eduardo12zt moved too quickly! 9.215149,7.0,153.29038
[00:08:36] [Server thread/WARN]: .Eduardo12zt moved too quickly! 9.215149,7.0,153.29038
[00:08:36] [Server thread/WARN]: .Eduardo12zt moved too quickly! 9.215149,7.0,153.29038
[00:08:36] [Server thread/WARN]: .Eduardo12zt moved too quickly! 9.215149,7.0,153.29038
[00:08:36] [Server thread/WARN]: .Eduardo12zt moved too quickly! 9.215149,7.0,153.29038
[00:08:36] [Server thread/WARN]: .Eduardo12zt moved too quickly! 9.215149,7.0,153.29038
[00:08:36] [Server thread/WARN]: .Eduardo12zt moved too quickly! 9.215149,7.0,153.29038
[00:08:36] [Server thread/WARN]: .Eduardo12zt moved too quickly! 9.215149,7.0,153.29038
[00:08:36] [Server thread/WARN]: .Eduardo12zt moved too quickly! 9.215149,7.0,153.29038
[00:08:36] [Server thread/WARN]: .Eduardo12zt moved too quickly! 9.215149,7.0,153.29038
[00:08:36] [Server thread/WARN]: .Eduardo12zt moved too quickly! 9.215149,7.0,153.29038
[00:08:36] [Server thread/WARN]: .Eduardo12zt moved too quickly! 9.215149,7.0,153.29038
[00:08:36] [Server thread/WARN]: .Eduardo12zt moved too quickly! 9.215149,7.0,153.29038
[00:08:36] [Server thread/WARN]: .Eduardo12zt moved too quickly! 9.215149,7.0,153.29038
[00:08:36] [Server thread/WARN]: .Eduardo12zt moved too quickly! 9.215149,7.0,153.29038
[00:08:36] [Server thread/WARN]: .Eduardo12zt moved too quickly! 9.215149,7.0,153.29038
[00:08:36] [Server thread/WARN]: .Eduardo12zt moved too quickly! 9.215149,7.0,153.29038
[00:08:36] [Server thread/WARN]: .Eduardo12zt moved too quickly! 9.215149,7.0,153.29038
[00:08:36] [Server thread/WARN]: .Eduardo12zt moved too quickly! 9.215149,7.0,153.29038
[00:08:36] [Server thread/WARN]: .Eduardo12zt moved too quickly! 9.215149,7.0,153.29038
[00:08:36] [Server thread/WARN]: .Eduardo12zt moved too quickly! 9.215149,7.0,153.29038
[00:08:36] [Server thread/WARN]: .Eduardo12zt moved too quickly! 9.215149,7.0,153.29038
[00:08:36] [Server thread/WARN]: .Eduardo12zt moved too quickly! 9.215149,7.0,153.29038
[00:08:36] [Server thread/WARN]: .Eduardo12zt moved too quickly! 9.215149,7.0,153.29038
[00:08:36] [Server thread/WARN]: .Eduardo12zt moved too quickly! 9.215149,7.0,153.29038
[00:08:36] [Server thread/WARN]: .Eduardo12zt moved too quickly! 9.215149,7.0,153.29038
[00:08:36] [Server thread/WARN]: .Eduardo12zt moved too quickly! 9.215149,7.0,153.29038
[00:08:36] [Server thread/WARN]: .Eduardo12zt moved too quickly! 9.215149,7.0,153.29038
[00:08:36] [Server thread/WARN]: .Eduardo12zt moved too quickly! 9.215149,7.0,153.29038
[00:08:36] [Server thread/WARN]: .Eduardo12zt moved too quickly! 9.215149,7.0,153.29038
[00:08:36] [Server thread/WARN]: .Eduardo12zt moved too quickly! 9.215149,7.0,153.29038
[00:08:36] [Server thread/WARN]: .Eduardo12zt moved too quickly! 9.215149,7.0,153.29038
[00:08:36] [Server thread/WARN]: .Eduardo12zt moved too quickly! 9.215149,7.0,153.29038
[00:08:36] [Server thread/WARN]: .Eduardo12zt moved too quickly! 9.215149,7.0,153.29038
[00:08:36] [Server thread/WARN]: .Eduardo12zt moved too quickly! 9.215149,7.0,153.29038
[00:08:36] [Server thread/WARN]: .Eduardo12zt moved too quickly! 9.215149,7.0,153.29038
[00:08:36] [Server thread/WARN]: .Eduardo12zt moved too quickly! 9.215149,7.0,153.29038
[00:08:36] [Server thread/WARN]: .Eduardo12zt moved too quickly! 9.215149,7.0,153.29038
[00:08:36] [Server thread/WARN]: .Eduardo12zt moved too quickly! 9.215149,7.0,153.29038
[00:08:36] [Server thread/WARN]: .Eduardo12zt moved too quickly! 9.215149,7.0,153.29038
[00:08:36] [Server thread/WARN]: .Eduardo12zt moved too quickly! 9.215149,7.0,153.29038
[00:08:36] [Server thread/WARN]: .Eduardo12zt moved too quickly! 9.215149,7.0,153.29038
[00:08:36] [Server thread/WARN]: .Eduardo12zt moved too quickly! 9.215149,7.0,153.29038
[00:08:36] [Server thread/WARN]: .Eduardo12zt moved too quickly! 9.215149,7.0,153.29038
[00:08:36] [Server thread/WARN]: .Eduardo12zt moved too quickly! 9.215149,7.0,153.29038
[00:08:36] [Server thread/WARN]: .Eduardo12zt moved too quickly! 9.215149,7.0,153.29038
[00:08:36] [Server thread/WARN]: .Eduardo12zt moved too quickly! 9.215149,7.0,153.29038
[00:08:36] [Server thread/WARN]: .Eduardo12zt moved too quickly! 9.215149,7.0,153.29038
[00:08:36] [Server thread/WARN]: .Eduardo12zt moved too quickly! 9.215149,7.0,153.29038
[00:08:36] [Server thread/WARN]: .Eduardo12zt moved too quickly! 9.215149,7.0,153.29038
[00:08:36] [Server thread/WARN]: .Eduardo12zt moved too quickly! 9.215149,7.0,153.29038
[00:08:36] [Server thread/WARN]: .Eduardo12zt moved too quickly! 9.215149,7.0,153.29038
[00:08:36] [Server thread/WARN]: .Eduardo12zt moved too quickly! 9.215149,7.0,153.29038
[00:08:36] [Server thread/WARN]: .Eduardo12zt moved too quickly! 9.215149,7.0,153.29038
[00:08:36] [Server thread/WARN]: .Eduardo12zt moved too quickly! 9.215149,7.0,153.29038
[00:08:36] [Server thread/WARN]: .Eduardo12zt moved too quickly! 9.215149,7.0,153.29038
[00:08:36] [Server thread/WARN]: .Eduardo12zt moved too quickly! 9.215149,7.0,153.29038
[00:08:36] [Server thread/WARN]: .Eduardo12zt moved too quickly! 9.215149,7.0,153.29038
[00:08:36] [Server thread/WARN]: .Eduardo12zt moved too quickly! 9.215149,7.0,153.29038
[00:08:36] [Server thread/WARN]: .Eduardo12zt moved too quickly! 9.215149,7.0,153.29038
[00:08:36] [Server thread/WARN]: .Eduardo12zt moved too quickly! 9.215149,7.0,153.29038
[00:08:36] [Server thread/WARN]: .Eduardo12zt moved too quickly! 9.215149,7.0,153.29038
[00:08:36] [Server thread/WARN]: .Eduardo12zt moved too quickly! 9.215149,7.0,153.29038
[00:08:36] [Server thread/WARN]: .Eduardo12zt moved too quickly! 9.215149,7.0,153.29038
[00:08:36] [Server thread/WARN]: .Eduardo12zt moved too quickly! 9.215149,7.0,153.29038
[00:08:36] [Server thread/WARN]: .Eduardo12zt moved too quickly! 9.215149,7.0,153.29038
[00:08:36] [Server thread/WARN]: .Eduardo12zt moved too quickly! 9.215149,7.0,153.29038
[00:08:36] [Server thread/WARN]: .Eduardo12zt moved too quickly! 9.215149,7.0,153.29038
[00:08:36] [Server thread/WARN]: .Eduardo12zt moved too quickly! 9.215149,7.0,153.29038
[00:08:36] [Server thread/WARN]: .Eduardo12zt moved too quickly! 9.215149,7.0,153.29038
[00:08:36] [Server thread/WARN]: .Eduardo12zt moved too quickly! 9.215149,7.0,153.29038
[00:08:36] [Server thread/WARN]: .Eduardo12zt moved too quickly! 9.215149,7.0,153.29038
[00:08:36] [Server thread/WARN]: .Eduardo12zt moved too quickly! 9.215149,7.0,153.29038
[00:08:36] [Server thread/WARN]: .Eduardo12zt moved too quickly! 9.215149,7.0,153.29038
[00:08:36] [Server thread/WARN]: .Eduardo12zt moved too quickly! 9.215149,7.0,153.29038
[00:08:36] [Server thread/WARN]: .Eduardo12zt moved too quickly! 9.215149,7.0,153.29038
[00:08:36] [Server thread/WARN]: .Eduardo12zt moved too quickly! 9.215149,7.0,153.29038
[00:08:36] [Server thread/WARN]: .Eduardo12zt moved too quickly! 9.215149,7.0,153.29038
[00:08:36] [Server thread/WARN]: .Eduardo12zt moved too quickly! 9.215149,7.0,153.29038
[00:08:36] [Server thread/WARN]: .Eduardo12zt moved too quickly! 9.215149,7.0,153.29038
[00:08:36] [Server thread/WARN]: .Eduardo12zt moved too quickly! 9.215149,7.0,153.29038
[00:08:36] [Server thread/WARN]: .Eduardo12zt moved too quickly! 9.215149,7.0,153.29038
[00:08:36] [Server thread/WARN]: .Eduardo12zt moved too quickly! 9.215149,7.0,153.29038
[00:08:36] [Server thread/WARN]: .Eduardo12zt moved too quickly! 9.215149,7.0,153.29038
[00:08:36] [Server thread/WARN]: .Eduardo12zt moved too quickly! 9.215149,7.0,153.29038
[00:08:36] [Server thread/WARN]: .Eduardo12zt moved too quickly! 9.215149,7.0,153.29038
[00:08:36] [Server thread/WARN]: .Eduardo12zt moved too quickly! 9.215149,7.0,153.29038
[00:08:36] [Server thread/WARN]: .Eduardo12zt moved too quickly! 9.215149,7.0,153.29038
[00:08:36] [Server thread/WARN]: .Eduardo12zt moved too quickly! 9.215149,7.0,153.29038
[00:08:36] [Server thread/WARN]: .Eduardo12zt moved too quickly! 9.215149,7.0,153.29038
[00:08:36] [Server thread/WARN]: .Eduardo12zt moved too quickly! 9.215149,7.0,153.29038
[00:08:36] [Server thread/WARN]: .Eduardo12zt moved too quickly! 9.215149,7.0,153.29038
[00:08:36] [Server thread/WARN]: .Eduardo12zt moved too quickly! 9.215149,7.0,153.29038
[00:08:36] [Server thread/WARN]: .Eduardo12zt moved too quickly! 9.215149,7.0,153.29038
[00:08:36] [Server thread/WARN]: .Eduardo12zt moved too quickly! 9.215149,7.0,153.29038
[00:08:36] [Server thread/WARN]: .Eduardo12zt moved too quickly! 9.215149,7.0,153.29038
[00:08:36] [Server thread/WARN]: .Eduardo12zt moved too quickly! 9.215149,7.0,153.29038
[00:08:36] [Server thread/WARN]: .Eduardo12zt moved too quickly! 9.215149,7.0,153.29038
[00:08:36] [Server thread/WARN]: .Eduardo12zt moved too quickly! 9.215149,7.0,153.29038
[00:08:36] [Server thread/WARN]: .Eduardo12zt moved too quickly! 9.215149,7.0,153.29038
[00:09:04] [Server thread/INFO]: .Jethexis tried to swim in lava
[00:09:05] [epollEventLoopGroup-4-4/INFO]: [Geyser-Spigot] Player connected with username Sgames81554
[00:09:05] [localSession-7-4/INFO]: [Geyser-Spigot] Sgames81554 (logged in as: Sgames81554) has connected to the Java server
[00:09:05] [Server thread/INFO]: [floodgate] Floodgate player logged in as .Sgames81554 joined (UUID: 00000000-0000-0000-0009-01fce2303120)
[00:09:05] [Server thread/INFO]: .Sgames81554 joined the game
[00:09:05] [Server thread/INFO]: .Sgames81554[/127.0.0.1:0] logged in with entity id 8937 at ([world]-1.0, 4.0, -44.0)
[00:09:05] [Server thread/WARN]: [LoginSecurity] Player was logged in prematurely while still saving location
[00:09:05] [Server thread/WARN]: .Sgames81554 moved too quickly! 7.37914,13.0,44.66853315
[00:09:05] [Server thread/WARN]: .Sgames81554 moved too quickly! 7.37914,13.0,44.66853315
[00:09:05] [Server thread/WARN]: .Sgames81554 moved too quickly! 7.37914,13.0,44.66853315
[00:09:05] [Server thread/WARN]: .Sgames81554 moved too quickly! 7.37914,13.0,44.66853315
[00:09:13] [Server thread/INFO]: .Jethexis issued server command: /back
[00:09:29] [Server thread/INFO]: .OsagiGX has made the advancement [Ice Bucket Challenge]
[00:10:19] [Server thread/WARN]: .Monoty2944 moved wrongly!
[00:10:31] [Server thread/INFO]: .Monoty2944 was shot by Skeleton
[00:10:47] [Server thread/INFO]: .Monoty2944 issued server command: /back
[00:10:47] [Server thread/WARN]: .Monoty2944 moved too quickly! 10.00960412,-4.0,-62.27778
[00:10:47] [Server thread/WARN]: .Monoty2944 moved too quickly! 10.00960412,-4.0,-62.27778
[00:10:47] [Server thread/WARN]: .Monoty2944 moved too quickly! 10.00960412,-4.0,-62.27778
[00:10:47] [Server thread/WARN]: .Monoty2944 moved too quickly! 10.00960412,-4.0,-62.27778
[00:10:47] [Server thread/WARN]: .Monoty2944 moved too quickly! 10.00960412,-4.0,-62.27778
[00:10:47] [Server thread/WARN]: .Monoty2944 moved too quickly! 10.00960412,-4.0,-62.27778
[00:10:55] [Server thread/INFO]: [MeteoritesPro] A Fiery Meteorite has been sighted near X:-481 Z:-262 !
